<?xml version="1.0" encoding="UTF-8"?>
<!-- Generated by org.testng.reporters.JUnitReportReporter -->
<testsuite hostname="Neureveal" failures="0" tests="1" name="org.example.FlipKartTest" time="59.891" errors="0" timestamp="2023-12-23T15:57:44 EET" skipped="0">
  <testcase classname="org.example.FlipKartTest" name="testSearchForIphone" time="59.891"/>
</testsuite> <!-- org.example.FlipKartTest -->
