<?xml version="1.0" encoding="UTF-8"?>
<!-- Generated by org.testng.reporters.JUnitReportReporter -->
<testsuite hostname="Neureveal" failures="0" tests="2" name="org.example.SelTest" time="6.302" errors="0" timestamp="2023-12-23T15:41:29 EET" skipped="0">
  <testcase classname="org.example.SelTest" name="openUrl" time="5.072"/>
  <testcase classname="org.example.SelTest" name="checkValue" time="1.230"/>
</testsuite> <!-- org.example.SelTest -->
